<?xml version="1.0" encoding="UTF-8"?>
<!-- Generated by org.testng.reporters.JUnitXMLReporter -->
<testsuite ignored="6" hostname="INBook_X1" failures="0" tests="3" name="MyTest" time="0.049" errors="0" timestamp="2023-04-01T15:02:02 IST">
  <testcase classname="testNG.Grouping" name="signupbyfacebook" time="0.008"/>
  <testcase classname="testNG.Grouping" name="signupbytwitter" time="0.002"/>
  <testcase classname="testNG.Grouping" name="paymentReturnbyBank" time="0.002"/>
  <testcase classname="testNG.Grouping" name="paymentinrupees" time="0.0">
    <ignored/>
  </testcase> <!-- paymentinrupees -->
  <testcase classname="testNG.Grouping" name="signupbyemail" time="0.0">
    <ignored/>
  </testcase> <!-- signupbyemail -->
  <testcase classname="testNG.Grouping" name="loginBytwitter" time="0.0">
    <ignored/>
  </testcase> <!-- loginBytwitter -->
  <testcase classname="testNG.Grouping" name="paymentindollar" time="0.0">
    <ignored/>
  </testcase> <!-- paymentindollar -->
  <testcase classname="testNG.Grouping" name="loginByfacebook" time="0.0">
    <ignored/>
  </testcase> <!-- loginByfacebook -->
  <testcase classname="testNG.Grouping" name="loginByEmail" time="0.0">
    <ignored/>
  </testcase> <!-- loginByEmail -->
</testsuite> <!-- MyTest -->
