<?xml version="1.0" encoding="UTF-8"?>
<!-- Generated by org.testng.reporters.JUnitXMLReporter -->
<testsuite ignored="0" hostname="INBook_X1" failures="1" tests="3" name="Test" time="0.074" errors="0" timestamp="2023-04-07T13:34:06 IST">
  <testcase classname="testNG3.Mytest" name="test1" time="0.012"/>
  <testcase classname="testNG3.Mytest" name="test2" time="0.002">
    <failure type="java.lang.AssertionError" message="expected [B] but found [A]">
      <![CDATA[java.lang.AssertionError: expected [B] but found [A]
at testNG3.Mytest.test2(Mytest.java:19)
at java.base/java.util.ArrayList.forEach(ArrayList.java:1511)
... Removed 33 stack frames]]>
    </failure>
  </testcase> <!-- test2 -->
  <testcase classname="testNG3.Mytest" name="test3" time="0.0">
    <skipped/>
  </testcase> <!-- test3 -->
</testsuite> <!-- Test -->
